========================================================================================
Report      : INFO
Date        : 2020-11-24T03:19:26+0000
Description : ---------------------------------------------------------------
              -- The service is using the following configuration settings --
              ---------------------------------------------------------------
              Domain (id)          : ospl_sp_ddsi (0)
              Storage              : 0 Kbytes
              Storage threshold    : 1024 Kbytes
              Storage address      : Not available
              Locking              : default
              Memory mode          : Heap memory
              Builtin topics       : true
              Priority inheritance : false
              SystemId             : 1933184058 from [1,2147483647]
Node        : manifold2
Process     : python3.5 <7555>
Thread      : spliced 7fb1cd2200
Internals   : 6.9.181127OSS///The OpenSplice domain service/u_domain.c/785/0/1606187966.267922491/0
========================================================================================
Report      : INFO
Date        : 2020-11-24T03:19:26+0000
Description : Service cmsoap disabled
Node        : manifold2
Process     : python3.5 <7555>
Thread      : spliced 7fb1cd2200
Internals   : 6.9.181127OSS///OpenSplice domain service/sr_componentInfo.c/446/0/1606187966.268735085/0
========================================================================================
Report      : INFO
Date        : 2020-11-24T03:19:26+0000
Description : ++++++++++++++++++++++++++++++++++++++++++++++++
              ++ The service 'splicedaemon' is now operational. 
              ++++++++++++++++++++++++++++++++++++++++++++++++
Node        : manifold2
Process     : python3.5 <7555>
Thread      : spliced 7fb1cd2200
Internals   : 6.9.181127OSS///v_serviceChangeState/v_service.c/266/0/1606187966.269825133/0
========================================================================================
Report      : INFO
Date        : 2020-11-24T03:19:26+0000
Description : ++++++++++++++++++++++++++++++++++++++++++++++++
              ++ The service 'ddsi2' is now operational. 
              ++++++++++++++++++++++++++++++++++++++++++++++++
Node        : manifold2
Process     : python3.5 <7555>
Thread      : ddsi2 7fb16b8200
Internals   : 6.9.181127OSS///v_serviceChangeState/v_service.c/266/0/1606187966.289809771/0
========================================================================================
Report      : INFO
Date        : 2020-11-24T03:19:26+0000
Description : The durability service can be identified by ID: 1933184058
Node        : manifold2
Process     : python3.5 <7555>
Thread      : durability 7fb18a9200
Internals   : 6.9.181127OSS///DurabilityService/d_durability.c/554/0/1606187966.619261567/0
========================================================================================
Report      : WARNING
Date        : 2020-11-24T03:19:29+0000
Description : thread dq.builtins failed to make progress

Node        : manifold2
Process     : python3.5 <7555>
Thread      : lease 7fb1558200
Internals   : 6.9.181127OSS///ddsi2/q_servicelease.c/131/0/1606187969.288017599/0
========================================================================================
Report      : WARNING
Date        : 2020-11-24T03:19:29+0000
Description : thread tev failed to make progress

Node        : manifold2
Process     : python3.5 <7555>
Thread      : lease 7fb1558200
Internals   : 6.9.181127OSS///ddsi2/q_servicelease.c/131/0/1606187969.288383709/0
========================================================================================
Report      : WARNING
Date        : 2020-11-24T03:19:31+0000
Description : thread dq.builtins once again made progress

Node        : manifold2
Process     : python3.5 <7555>
Thread      : lease 7fb1558200
Internals   : 6.9.181127OSS///ddsi2/q_servicelease.c/131/0/1606187971.288804281/0
========================================================================================
Report      : WARNING
Date        : 2020-11-24T03:19:31+0000
Description : thread tev once again made progress

Node        : manifold2
Process     : python3.5 <7555>
Thread      : lease 7fb1558200
Internals   : 6.9.181127OSS///ddsi2/q_servicelease.c/131/0/1606187971.289075434/0
========================================================================================
Report      : WARNING
Date        : 2020-11-24T03:19:32+0000
Description : thread tev failed to make progress

Node        : manifold2
Process     : python3.5 <7555>
Thread      : lease 7fb1558200
Internals   : 6.9.181127OSS///ddsi2/q_servicelease.c/131/0/1606187972.289483467/0
========================================================================================
Report      : INFO
Date        : 2020-11-24T03:19:33+0000
Description : ++++++++++++++++++++++++++++++++++++++++++++++++
              ++ The service 'durability' is now operational. 
              ++++++++++++++++++++++++++++++++++++++++++++++++
Node        : manifold2
Process     : python3.5 <7555>
Thread      : conflictResolver 7fb1277200
Internals   : 6.9.181127OSS///v_serviceChangeState/v_service.c/266/0/1606187973.811452667/0
========================================================================================
Report      : WARNING
Date        : 2020-11-24T03:19:34+0000
Description : thread tev once again made progress

Node        : manifold2
Process     : python3.5 <7555>
Thread      : lease 7fb1558200
Internals   : 6.9.181127OSS///ddsi2/q_servicelease.c/131/0/1606187974.290001827/0
========================================================================================
Report      : INFO
Date        : 2020-11-24T03:20:08+0000
Description : Termination request (signal 2) received from PID 7555 (self), UID 1001
Node        : manifold2
Process     : python3.5 <7555>
Thread      : signalHandler 7fb24f3200
Internals   : 6.9.181127OSS///signalHandlerThread/os_signalHandler.c/632/0/1606188008.733149552/0
========================================================================================
Report      : INFO
Date        : 2020-11-24T03:20:09+0000
Description : Termination request (signal 2) received from PID 7555 (self), UID 1001
Node        : manifold2
Process     : python3.5 <7555>
Thread      : signalHandler 7fb24f3200
Internals   : 6.9.181127OSS///signalHandlerThread/os_signalHandler.c/632/0/1606188009.164879327/0
========================================================================================
Report      : INFO
Date        : 2020-11-24T03:20:09+0000
Description : Termination request (signal 2) received from PID 7555 (self), UID 1001
Node        : manifold2
Process     : python3.5 <7555>
Thread      : signalHandler 7fb24f3200
Internals   : 6.9.181127OSS///signalHandlerThread/os_signalHandler.c/632/0/1606188009.372649271/0
========================================================================================
Report      : INFO
Date        : 2020-11-24T03:20:09+0000
Description : Termination request (signal 2) received from PID 7555 (self), UID 1001
Node        : manifold2
Process     : python3.5 <7555>
Thread      : signalHandler 7fb24f3200
Internals   : 6.9.181127OSS///signalHandlerThread/os_signalHandler.c/632/0/1606188009.564014225/0
========================================================================================
Report      : INFO
Date        : 2020-11-24T03:20:09+0000
Description : Termination request (signal 2) received from PID 7555 (self), UID 1001
Node        : manifold2
Process     : python3.5 <7555>
Thread      : signalHandler 7fb24f3200
Internals   : 6.9.181127OSS///signalHandlerThread/os_signalHandler.c/632/0/1606188009.756575531/0
========================================================================================
Report      : INFO
Date        : 2020-11-24T03:20:09+0000
Description : Termination request (signal 2) received from PID 7555 (self), UID 1001
Node        : manifold2
Process     : python3.5 <7555>
Thread      : signalHandler 7fb24f3200
Internals   : 6.9.181127OSS///signalHandlerThread/os_signalHandler.c/632/0/1606188009.939990624/0
